Tue Mar 14 23:55:00 UTC 2023
$PROBLEM    run15 + but CrCL using FFM. Don't estimate FFM~V1/V2
$INPUT      ID OCC TIME EVID MDV DV AMT LENGTH RATE DROP DROP SEX AGE
            WEIGHT HEIGHT CREAT LOGCR LOGWT70 FFM LOGFFM70
$DATA      nmdata_20230216_1.csv IGNORE=@
$SUBROUTINE ADVAN3 TRANS4
$PK
CRCL = (140-AGE) * FFM * (0.85**SEX) / (72*CREAT)
TVCL = THETA(1) * (FFM/70)**THETA(7) * (CRCL/100)**THETA(9)
CL = TVCL * EXP(ETA(1))
TVV1 = THETA(2) * (FFM/70)**THETA(8)
V1 = TVV1 * EXP(ETA(2))
TVQ = THETA(3) * (FFM/70)**THETA(7)
Q = TVQ
TVV2 = THETA(4) * (FFM/70)**THETA(8)
V2 = TVV2 * EXP(ETA(3))
S1 = V1

;$DES
;DADT(1) = -(CL/V1)*A(1) + (Q/V2)*A(2) - (Q/V1)*A(1)
;DADT(2) =               - (Q/V2)*A(2) + (Q/V1)*A(1)
;DADT(3) =  (A(1)/V1)

$ERROR
CONC = A(1)/S1
IPRED = CONC
PROP = THETA(5)
ADD = THETA(6)
W = SQRT(IPRED**2 * PROP**2 + ADD**2)
IRES = DV - IPRED
IWRES = IRES/W
Y = IPRED + W*ERR(1)
AUC = A(3)

$THETA  (0.1,3) ; CL
 (1,50) ; V1
 (0.1,2) ; Q
 (1,100) ; V2
 (0,0.2) ; prop error
 (0,0.5) ; add error
 0 FIX ; allo CL/Q
 1 FIX ; allo V1/V2
 (0.01,0.3) ; CRCL ~ CL
$OMEGA  BLOCK(3)
 0.2
 0.01 0.2
 0.01 0.01 0.2
$SIGMA  1  FIX
$ESTIMATION METHOD=1 INTER MAXEVAL=9999 PRINT=5 POSTHOC NOABORT
$COVARIANCE UNCOND
$TABLE      ID TIME DV MDV EVID PRED IPRED IRES IWRES CWRES NPDE
            WEIGHT FFM HEIGHT SEX AGE CREAT CRCL CL V1 Q V2 ETA(1)
            ETA(2) ETA(3) NOPRINT NOAPPEND FILE=run18.tab


NM-TRAN MESSAGES
  
 WARNINGS AND ERRORS (IF ANY) FOR PROBLEM    1
             
 (WARNING  2) NM-TRAN INFERS THAT THE DATA ARE POPULATION.

License Registered to: InsightRX
Expiration Date:    14 AUG 2023
Current Date:       14 MAR 2023
Days until program expires : 150
1NONLINEAR MIXED EFFECTS MODEL PROGRAM (NONMEM) VERSION 7.4.4
 ORIGINALLY DEVELOPED BY STUART BEAL, LEWIS SHEINER, AND ALISON BOECKMANN
 CURRENT DEVELOPERS ARE ROBERT BAUER, ICON DEVELOPMENT SOLUTIONS,
 AND ALISON BOECKMANN. IMPLEMENTATION, EFFICIENCY, AND STANDARDIZATION
 PERFORMED BY NOUS INFOSYSTEMS.

 PROBLEM NO.:         1
 run15 + but CrCL using FFM. Don't estimate FFM~V1/V2
0DATA CHECKOUT RUN:              NO
 DATA SET LOCATED ON UNIT NO.:    2
 THIS UNIT TO BE REWOUND:        NO
 NO. OF DATA RECS IN DATA SET:     1413
 NO. OF DATA ITEMS IN DATA SET:  18
 ID DATA ITEM IS DATA ITEM NO.:   1
 DEP VARIABLE IS DATA ITEM NO.:   6
 MDV DATA ITEM IS DATA ITEM NO.:  5
0INDICES PASSED TO SUBROUTINE PRED:
   4   3   7   9   0   0   0   0   0   0   0
0LABELS FOR DATA ITEMS:
 ID OCC TIME EVID MDV DV AMT LENGTH RATE SEX AGE WEIGHT HEIGHT CREAT LOGCR LOGWT70 FFM LOGFFM70
0(NONBLANK) LABELS FOR PRED-DEFINED ITEMS:
 CRCL CL V1 Q V2 IPRED IRES IWRES
0FORMAT FOR DATA:
 (6(3E21.0/))

 TOT. NO. OF OBS RECS:      274
 TOT. NO. OF INDIVIDUALS:      100
0LENGTH OF THETA:   9
0DEFAULT THETA BOUNDARY TEST OMITTED:    NO
0OMEGA HAS BLOCK FORM:
  1
  1  1
  1  1  1
0DEFAULT OMEGA BOUNDARY TEST OMITTED:    NO
0SIGMA HAS SIMPLE DIAGONAL FORM WITH DIMENSION:   1
0DEFAULT SIGMA BOUNDARY TEST OMITTED:    NO
0INITIAL ESTIMATE OF THETA:
 LOWER BOUND    INITIAL EST    UPPER BOUND
  0.1000E+00     0.3000E+01     0.1000E+07
  0.1000E+01     0.5000E+02     0.1000E+07
  0.1000E+00     0.2000E+01     0.1000E+07
  0.1000E+01     0.1000E+03     0.1000E+07
  0.0000E+00     0.2000E+00     0.1000E+07
  0.0000E+00     0.5000E+00     0.1000E+07
  0.0000E+00     0.0000E+00     0.0000E+00
  0.1000E+01     0.1000E+01     0.1000E+01
  0.1000E-01     0.3000E+00     0.1000E+07
0INITIAL ESTIMATE OF OMEGA:
 BLOCK SET NO.   BLOCK                                                                    FIXED
        1                                                                                   NO
                  0.2000E+00
                  0.1000E-01   0.2000E+00
                  0.1000E-01   0.1000E-01   0.2000E+00
0INITIAL ESTIMATE OF SIGMA:
 0.1000E+01
0SIGMA CONSTRAINED TO BE THIS INITIAL ESTIMATE
0COVARIANCE STEP OMITTED:        NO
 EIGENVLS. PRINTED:              NO
 SPECIAL COMPUTATION:            NO
 COMPRESSED FORMAT:              NO
 GRADIENT METHOD USED:     NOSLOW
 SIGDIGITS ETAHAT (SIGLO):                  -1
 SIGDIGITS GRADIENTS (SIGL):                -1
 EXCLUDE COV FOR FOCE (NOFCOV):              NO
 TURN OFF Cholesky Transposition of R Matrix (CHOLROFF): NO
 KNUTHSUMOFF:                                -1
 RESUME COV ANALYSIS (RESUME):               NO
 SIR SAMPLE SIZE (SIRSAMPLE):              -1
 NON-LINEARLY TRANSFORM THETAS DURING COV (THBND): 1
 PRECONDTIONING CYCLES (PRECOND):        0
 PRECONDTIONING TYPES (PRECONDS):        TOS
 FORCED PRECONDTIONING CYCLES (PFCOND):0
 PRECONDTIONING TYPE (PRETYPE):        0
 FORCED POS. DEFINITE SETTING: (FPOSDEF):0
0TABLES STEP OMITTED:    NO
 NO. OF TABLES:           1
 SEED NUMBER (SEED):    11456
 RANMETHOD:             3U
 MC SAMPLES (ESAMPLE):    300
 WRES SQUARE ROOT TYPE (WRESCHOL): EIGENVALUE
0-- TABLE   1 --
0RECORDS ONLY:    ALL
04 COLUMNS APPENDED:    NO
 PRINTED:                NO
 HEADERS:               YES
 FILE TO BE FORWARDED:   NO
 FORMAT:                S1PE11.4
 LFORMAT:
 RFORMAT:
 FIXED_EFFECT_ETAS:
0USER-CHOSEN ITEMS:
 ID TIME DV MDV EVID PRED IPRED IRES IWRES CWRES NPDE WEIGHT FFM HEIGHT SEX AGE CREAT CRCL CL V1 Q V2 ETA1 ETA2 ETA3
1DOUBLE PRECISION PREDPP VERSION 7.4.4

 TWO COMPARTMENT MODEL (ADVAN3)
0MAXIMUM NO. OF BASIC PK PARAMETERS:   4
0BASIC PK PARAMETERS (AFTER TRANSLATION):
   BASIC PK PARAMETER NO.  1: ELIMINATION RATE (K)
   BASIC PK PARAMETER NO.  2: CENTRAL-TO-PERIPH. RATE (K12)
   BASIC PK PARAMETER NO.  3: PERIPH.-TO-CENTRAL RATE (K21)
 TRANSLATOR WILL CONVERT PARAMETERS
 CL, V1, Q, V2 TO K, K12, K21 (TRANS4)
0COMPARTMENT ATTRIBUTES
 COMPT. NO.   FUNCTION   INITIAL    ON/OFF      DOSE      DEFAULT    DEFAULT
                         STATUS     ALLOWED    ALLOWED    FOR DOSE   FOR OBS.
    1         CENTRAL      ON         NO         YES        YES        YES
    2         PERIPH.      ON         NO         YES        NO         NO
    3         OUTPUT       OFF        YES        NO         NO         NO
1
 ADDITIONAL PK PARAMETERS - ASSIGNMENT OF ROWS IN GG
 COMPT. NO.                             INDICES
              SCALE      BIOAVAIL.   ZERO-ORDER  ZERO-ORDER  ABSORB
                         FRACTION    RATE        DURATION    LAG
    1            5           *           *           *           *
    2            *           *           *           *           *
    3            *           -           -           -           -
             - PARAMETER IS NOT ALLOWED FOR THIS MODEL
             * PARAMETER IS NOT SUPPLIED BY PK SUBROUTINE;
               WILL DEFAULT TO ONE IF APPLICABLE
0DATA ITEM INDICES USED BY PRED ARE:
   EVENT ID DATA ITEM IS DATA ITEM NO.:      4
   TIME DATA ITEM IS DATA ITEM NO.:          3
   DOSE AMOUNT DATA ITEM IS DATA ITEM NO.:   7
   DOSE RATE DATA ITEM IS DATA ITEM NO.:     9

0PK SUBROUTINE CALLED WITH EVERY EVENT RECORD.
 PK SUBROUTINE NOT CALLED AT NONEVENT (ADDITIONAL OR LAGGED) DOSE TIMES.
0ERROR SUBROUTINE CALLED WITH EVERY EVENT RECORD.
0ERROR SUBROUTINE INDICATES THAT DERIVATIVES OF COMPARTMENT AMOUNTS ARE USED.
1


 #TBLN:      1
 #METH: First Order Conditional Estimation with Interaction

 ESTIMATION STEP OMITTED:                 NO
 ANALYSIS TYPE:                           POPULATION
 NUMBER OF SADDLE POINT RESET ITERATIONS:      0
 GRADIENT METHOD USED:               NOSLOW
 CONDITIONAL ESTIMATES USED:              YES
 CENTERED ETA:                            NO
 EPS-ETA INTERACTION:                     YES
 LAPLACIAN OBJ. FUNC.:                    NO
 NO. OF FUNCT. EVALS. ALLOWED:            9999
 NO. OF SIG. FIGURES REQUIRED:            3
 INTERMEDIATE PRINTOUT:                   YES
 ESTIMATE OUTPUT TO MSF:                  NO
 ABORT WITH PRED EXIT CODE 1:             NO
 IND. OBJ. FUNC. VALUES SORTED:           NO
 NUMERICAL DERIVATIVE
       FILE REQUEST (NUMDER):               NONE
 MAP (ETAHAT) ESTIMATION METHOD (OPTMAP):   0
 ETA HESSIAN EVALUATION METHOD (ETADER):    0
 INITIAL ETA FOR MAP ESTIMATION (MCETA):    0
 SIGDIGITS FOR MAP ESTIMATION (SIGLO):      100
 GRADIENT SIGDIGITS OF
       FIXED EFFECTS PARAMETERS (SIGL):     100
 NOPRIOR SETTING (NOPRIOR):                 OFF
 NOCOV SETTING (NOCOV):                     OFF
 DERCONT SETTING (DERCONT):                 OFF
 FINAL ETA RE-EVALUATION (FNLETA):          ON
 EXCLUDE NON-INFLUENTIAL (NON-INFL.) ETAS
       IN SHRINKAGE (ETASTYPE):             NO
 NON-INFL. ETA CORRECTION (NONINFETA):      OFF
 RAW OUTPUT FILE (FILE): psn.ext
 EXCLUDE TITLE (NOTITLE):                   NO
 EXCLUDE COLUMN LABELS (NOLABEL):           NO
 FORMAT FOR ADDITIONAL FILES (FORMAT):      S1PE12.5
 PARAMETER ORDER FOR OUTPUTS (ORDER):       TSOL
 WISHART PRIOR DF INTERPRETATION (WISHTYPE):0
 KNUTHSUMOFF:                               0
 INCLUDE LNTWOPI:                           NO
 INCLUDE CONSTANT TERM TO PRIOR (PRIORC):   NO
 INCLUDE CONSTANT TERM TO OMEGA (ETA) (OLNTWOPI):NO
 ADDITIONAL CONVERGENCE TEST (CTYPE=4)?:    NO
 EM OR BAYESIAN METHOD USED:                 NONE


 THE FOLLOWING LABELS ARE EQUIVALENT
 PRED=PREDI
 RES=RESI
 WRES=WRESI
 IWRS=IWRESI
 IPRD=IPREDI
 IRS=IRESI

 MONITORING OF SEARCH:


0ITERATION NO.:    0    OBJECTIVE VALUE:   1299.41221052333        NO. OF FUNC. EVALS.:   9
 CUMULATIVE NO. OF FUNC. EVALS.:        9
 NPARAMETR:  3.0000E+00  5.0000E+01  2.0000E+00  1.0000E+02  2.0000E-01  5.0000E-01  3.0000E-01  2.0000E-01  1.0000E-02  1.0000E-02
             2.0000E-01  1.0000E-02  2.0000E-01
 PARAMETER:  1.0000E-01  1.0000E-01  1.0000E-01  1.0000E-01  1.0000E-01  1.0000E-01  1.0000E-01  1.0000E-01  1.0000E-01  1.0000E-01
             1.0000E-01  1.0000E-01  1.0000E-01
 GRADIENT:  -2.5863E+02 -2.3769E+02 -9.8240E+01 -6.6961E-01  5.1080E+01  6.4351E-01 -4.7923E+01 -1.5308E+02 -5.3543E+01 -3.3671E+00
            -3.3715E+01  5.0700E+00 -1.7748E+01

0ITERATION NO.:    5    OBJECTIVE VALUE:   1024.58755799967        NO. OF FUNC. EVALS.:  52
 CUMULATIVE NO. OF FUNC. EVALS.:       61
 NPARAMETR:  4.8822E+00  6.6741E+01  4.9593E+00  6.6112E+01  1.2833E-01  5.2592E-01  8.7544E-01  7.1057E-02  3.9805E-02  1.2576E-02
             4.1325E-02  6.1385E-03  8.2861E-01
 PARAMETER:  6.0019E-01  3.9390E-01  1.0390E+00 -3.1901E-01 -3.4368E-01  1.5053E-01  1.1934E+00 -4.1741E-01  6.6780E-01  2.1098E-01
            -1.0750E+00 -3.0889E-02  8.1173E-01
 GRADIENT:  -6.7041E+01 -9.2748E+01 -1.0428E+01 -6.3511E+00 -1.2808E+02 -1.2108E+01  7.1648E+01  6.9252E+00 -2.8653E+01  1.4889E+00
            -1.5077E+01 -3.5893E+00  1.4639E+01

0ITERATION NO.:   10    OBJECTIVE VALUE:   1008.22614594865        NO. OF FUNC. EVALS.:  53
 CUMULATIVE NO. OF FUNC. EVALS.:      114
 NPARAMETR:  5.2572E+00  6.3130E+01  6.0675E+00  6.7310E+01  1.4356E-01  5.8000E-01  7.5051E-01  6.2617E-02  6.2728E-02  2.4436E-02
             6.7085E-02  2.5788E-02  4.1212E-01
 PARAMETER:  6.7569E-01  3.3741E-01  1.2445E+00 -3.0078E-01 -2.3154E-01  2.4842E-01  1.0375E+00 -4.8064E-01  1.1211E+00  4.3672E-01
            -1.8250E+00  9.4419E-02  4.5168E-01
 GRADIENT:   6.1448E+01 -5.7612E+01 -6.7563E+00  4.3656E+00 -6.5102E+01 -5.7239E+00 -4.1754E+01 -2.1523E+01  4.3577E-01  1.7091E-02
            -1.2346E+00 -2.0449E+00 -4.2964E+00

0ITERATION NO.:   15    OBJECTIVE VALUE:   997.882931567296        NO. OF FUNC. EVALS.:  50
 CUMULATIVE NO. OF FUNC. EVALS.:      164
 NPARAMETR:  5.2360E+00  7.0227E+01  5.0446E+00  6.7822E+01  1.5046E-01  9.1463E-01  8.3497E-01  7.0863E-02  6.2283E-02  1.9748E-02
             6.0105E-02  3.0866E-02  5.4193E-01
 PARAMETER:  6.7156E-01  4.4557E-01  1.0564E+00 -2.9309E-01 -1.8460E-01  7.0392E-01  1.1455E+00 -4.1878E-01  1.0463E+00  3.3177E-01
            -1.7080E+00  8.6720E-01  5.6293E-01
 GRADIENT:  -6.8959E+00 -4.3353E+00 -1.1205E+00 -1.3755E+00 -1.0723E+00 -9.9250E-01  5.9036E+00  1.1804E+00 -1.9546E+00  4.8621E-01
            -1.6111E+00 -3.0771E-01  6.1096E-01

0ITERATION NO.:   20    OBJECTIVE VALUE:   995.986735120519        NO. OF FUNC. EVALS.:  53
 CUMULATIVE NO. OF FUNC. EVALS.:      217
 NPARAMETR:  5.2793E+00  7.2319E+01  4.7974E+00  6.6581E+01  1.3166E-01  1.1635E+00  8.2911E-01  7.7247E-02  5.7873E-02  1.1149E-02
             8.7578E-02  9.1998E-02  6.8886E-01
 PARAMETER:  6.7996E-01  4.7534E-01  1.0051E+00 -3.1183E-01 -3.1811E-01  9.4458E-01  1.1383E+00 -3.7565E-01  9.3122E-01  1.7939E-01
            -6.5332E-01  1.8702E+00  5.8874E-01
 GRADIENT:  -1.2460E+01  5.1648E+00 -1.0108E+01  3.5809E+00 -1.7668E+00  1.2695E-01 -2.2108E+01  6.0949E-02  2.7043E+00  1.6012E-01
             4.4598E-02  1.0601E+00  2.6738E+00

0ITERATION NO.:   25    OBJECTIVE VALUE:   994.248784244359        NO. OF FUNC. EVALS.:  68
 CUMULATIVE NO. OF FUNC. EVALS.:      285
 NPARAMETR:  5.3225E+00  6.9835E+01  5.4443E+00  6.4874E+01  1.3745E-01  1.0371E+00  8.5801E-01  7.0967E-02  5.2576E-02  1.1571E-02
             8.4171E-02  8.7587E-02  5.5697E-01
 PARAMETER:  6.8827E-01  4.3990E-01  1.1342E+00 -3.3821E-01 -2.7504E-01  8.2958E-01  1.1730E+00 -4.1805E-01  8.8262E-01  1.9425E-01
            -6.4214E-01  1.7470E+00  4.6979E-01
 GRADIENT:  -5.8812E+00 -5.2305E-01 -4.4593E-01 -1.1069E-01 -7.4628E-01 -2.9629E-01 -3.1336E+00 -2.1520E-01 -5.9737E-02  1.1502E-02
            -1.8239E-01 -3.7898E-02 -2.1673E-01

0ITERATION NO.:   30    OBJECTIVE VALUE:   994.213388688801        NO. OF FUNC. EVALS.: 115
 CUMULATIVE NO. OF FUNC. EVALS.:      400
 NPARAMETR:  5.3544E+00  7.0298E+01  5.3950E+00  6.4474E+01  1.3660E-01  1.0691E+00  8.6524E-01  7.0821E-02  5.2335E-02  1.0747E-02
             8.5070E-02  8.7584E-02  5.6501E-01
 PARAMETER:  6.9436E-01  4.4660E-01  1.1249E+00 -3.4450E-01 -2.8123E-01  8.5994E-01  1.1815E+00 -4.1908E-01  8.7948E-01  1.8060E-01
            -6.2931E-01  1.7384E+00  4.8122E-01
 GRADIENT:  -4.6017E-02  5.8356E-02  1.0951E-02 -3.4249E-04  6.1269E-02  6.7292E-03 -2.6157E-03  8.9978E-03 -8.9688E-03  1.1587E-02
            -1.3349E-02  4.4135E-03  3.2980E-03

0ITERATION NO.:   33    OBJECTIVE VALUE:   994.213349249934        NO. OF FUNC. EVALS.:  60
 CUMULATIVE NO. OF FUNC. EVALS.:      460
 NPARAMETR:  5.3547E+00  7.0300E+01  5.3935E+00  6.4462E+01  1.3651E-01  1.0708E+00  8.6530E-01  7.0844E-02  5.2349E-02  1.0637E-02
             8.5151E-02  8.7445E-02  5.6501E-01
 PARAMETER:  6.9440E-01  4.4663E-01  1.1246E+00 -3.4467E-01 -2.8194E-01  8.6156E-01  1.1816E+00 -4.1892E-01  8.7957E-01  1.7873E-01
            -6.2851E-01  1.7358E+00  4.8175E-01
 GRADIENT:   1.2358E-03  7.6194E-03  1.9177E-03 -3.1559E-04 -6.7339E-04  2.3002E-05 -3.2607E-03 -1.2980E-03  1.6777E-03  3.6203E-05
            -2.6848E-04 -1.4968E-04 -8.9737E-04

 #TERM:
0MINIMIZATION SUCCESSFUL
 NO. OF FUNCTION EVALUATIONS USED:      460
 NO. OF SIG. DIGITS IN FINAL EST.:  3.6

 ETABAR IS THE ARITHMETIC MEAN OF THE ETA-ESTIMATES,
 AND THE P-VALUE IS GIVEN FOR THE NULL HYPOTHESIS THAT THE TRUE MEAN IS 0.

 ETABAR:        -2.6584E-03 -7.2480E-03 -1.2705E-02
 SE:             2.3395E-02  2.5001E-02  5.0945E-02
 N:                      84          84          84

 P VAL.:         9.0953E-01  7.7188E-01  8.0306E-01

 ETASHRINKSD(%)  1.8957E+01  2.1006E+01  3.7510E+01
 ETASHRINKVR(%)  3.4321E+01  3.7599E+01  6.0949E+01
 EBVSHRINKSD(%)  1.9999E+01  2.1443E+01  3.6260E+01
 EBVSHRINKVR(%)  3.5999E+01  3.8288E+01  5.9373E+01
 EPSSHRINKSD(%)  2.0666E+01
 EPSSHRINKVR(%)  3.7061E+01

  
 TOTAL DATA POINTS NORMALLY DISTRIBUTED (N):          274
 N*LOG(2PI) CONSTANT TO OBJECTIVE FUNCTION:    503.57831619616064     
 OBJECTIVE FUNCTION VALUE WITHOUT CONSTANT:    994.21334924993448     
 OBJECTIVE FUNCTION VALUE WITH CONSTANT:       1497.7916654460951     
 REPORTED OBJECTIVE FUNCTION DOES NOT CONTAIN CONSTANT
  
 TOTAL EFFECTIVE ETAS (NIND*NETA):                           252
  
 #TERE:
 Elapsed estimation  time in seconds:    11.53
 Elapsed covariance  time in seconds:     8.95
 Elapsed postprocess time in seconds:     0.62
1
 
 
 
 
 
 
 
 
 
 
 
 
 
 
 
 
 
 
 
 
 ************************************************************************************************************************
 ********************                                                                                ********************
 ********************               FIRST ORDER CONDITIONAL ESTIMATION WITH INTERACTION              ********************
 #OBJT:**************                       MINIMUM VALUE OF OBJECTIVE FUNCTION                      ********************
 ********************                                                                                ********************
 ************************************************************************************************************************
 





 #OBJV:********************************************      994.213       **************************************************
1
 ************************************************************************************************************************
 ********************                                                                                ********************
 ********************               FIRST ORDER CONDITIONAL ESTIMATION WITH INTERACTION              ********************
 ********************                             FINAL PARAMETER ESTIMATE                           ********************
 ********************                                                                                ********************
 ************************************************************************************************************************
 


 THETA - VECTOR OF FIXED EFFECTS PARAMETERS   *********


         TH 1      TH 2      TH 3      TH 4      TH 5      TH 6      TH 7      TH 8      TH 9     
 
         5.35E+00  7.03E+01  5.39E+00  6.45E+01  1.37E-01  1.07E+00  0.00E+00  1.00E+00  8.65E-01
 


 OMEGA - COV MATRIX FOR RANDOM EFFECTS - ETAS  ********


         ETA1      ETA2      ETA3     
 
 ETA1
+        7.08E-02
 
 ETA2
+        5.23E-02  8.52E-02
 
 ETA3
+        1.06E-02  8.74E-02  5.65E-01
 


 SIGMA - COV MATRIX FOR RANDOM EFFECTS - EPSILONS  ****


         EPS1     
 
 EPS1
+        1.00E+00
 
1


 OMEGA - CORR MATRIX FOR RANDOM EFFECTS - ETAS  *******


         ETA1      ETA2      ETA3     
 
 ETA1
+        2.66E-01
 
 ETA2
+        6.74E-01  2.92E-01
 
 ETA3
+        5.32E-02  3.99E-01  7.52E-01
 


 SIGMA - CORR MATRIX FOR RANDOM EFFECTS - EPSILONS  ***


         EPS1     
 
 EPS1
+        1.00E+00
 
1
 ************************************************************************************************************************
 ********************                                                                                ********************
 ********************               FIRST ORDER CONDITIONAL ESTIMATION WITH INTERACTION              ********************
 ********************                            STANDARD ERROR OF ESTIMATE                          ********************
 ********************                                                                                ********************
 ************************************************************************************************************************
 


 THETA - VECTOR OF FIXED EFFECTS PARAMETERS   *********


         TH 1      TH 2      TH 3      TH 4      TH 5      TH 6      TH 7      TH 8      TH 9     
 
         2.31E-01  7.35E+00  1.68E+00  7.41E+00  3.57E-02  1.02E+00 ......... .........  5.44E-02
 


 OMEGA - COV MATRIX FOR RANDOM EFFECTS - ETAS  ********


         ETA1      ETA2      ETA3     
 
 ETA1
+        1.64E-02
 
 ETA2
+        2.47E-02  3.05E-02
 
 ETA3
+        2.38E-02  4.50E-02  3.33E-01
 


 SIGMA - COV MATRIX FOR RANDOM EFFECTS - EPSILONS  ****


         EPS1     
 
 EPS1
+       .........
 
1


 OMEGA - CORR MATRIX FOR RANDOM EFFECTS - ETAS  *******


         ETA1      ETA2      ETA3     
 
 ETA1
+        3.08E-02
 
 ETA2
+        2.47E-01  5.22E-02
 
 ETA3
+        1.24E-01  2.79E-01  2.22E-01
 


 SIGMA - CORR MATRIX FOR RANDOM EFFECTS - EPSILONS  ***


         EPS1     
 
 EPS1
+       .........
 
1
 ************************************************************************************************************************
 ********************                                                                                ********************
 ********************               FIRST ORDER CONDITIONAL ESTIMATION WITH INTERACTION              ********************
 ********************                          COVARIANCE MATRIX OF ESTIMATE                         ********************
 ********************                                                                                ********************
 ************************************************************************************************************************
 

            TH 1      TH 2      TH 3      TH 4      TH 5      TH 6      TH 7      TH 8      TH 9      OM11      OM12      OM13  
             OM22      OM23      OM33      SG11  
 
 TH 1
+        5.34E-02
 
 TH 2
+        6.73E-01  5.41E+01
 
 TH 3
+       -1.26E-01 -1.11E+01  2.81E+00
 
 TH 4
+       -4.00E-01 -4.23E+00  3.03E+00  5.49E+01
 
 TH 5
+       -1.40E-03 -1.25E-01  3.43E-02  2.56E-02  1.28E-03
 
 TH 6
+        7.70E-02  3.02E+00 -7.08E-01  8.13E-01 -3.14E-02  1.05E+00
 
 TH 7
+       ......... ......... ......... ......... ......... ......... .........
 
 TH 8
+       ......... ......... ......... ......... ......... ......... ......... .........
 
 TH 9
+        9.50E-04  1.55E-01 -3.66E-02  7.56E-02 -1.01E-03  3.39E-02 ......... .........  2.96E-03
 
 OM11
+        1.99E-04  2.57E-02 -3.57E-03  2.60E-02 -3.04E-04  1.19E-02 ......... .........  3.77E-04  2.69E-04
 
 OM12
+        2.15E-03  1.14E-03  1.76E-03  3.38E-02 -2.15E-04  1.51E-02 ......... .........  2.94E-04  2.64E-04  6.11E-04
 
 OM13
+       -7.31E-04 -5.09E-02  1.10E-02 -1.20E-02 -2.77E-05  3.24E-03 ......... ......... -1.51E-04  9.24E-05  2.26E-04  5.68E-04
 
 OM22
+        1.80E-03  5.68E-02 -9.49E-03  1.83E-02 -5.42E-04  2.06E-02 ......... .........  8.22E-04  3.45E-04  4.09E-04  2.33E-04
          9.29E-04
 
 OM23
+       -2.54E-03 -2.27E-01  5.55E-02  2.89E-02  5.90E-04 -9.48E-03 ......... ......... -3.61E-04  4.42E-05  1.09E-04  6.00E-04
          2.46E-04  2.02E-03
 
 OM33
+        2.17E-02  1.77E+00 -4.21E-01 -4.74E-01 -2.52E-03  4.86E-02 ......... .........  2.71E-03  2.84E-04 -1.43E-04 -2.78E-03
         -8.87E-05 -6.98E-03  1.11E-01
 
 SG11
+       ......... ......... ......... ......... ......... ......... ......... ......... ......... ......... ......... .........
         ......... ......... ......... .........
 
1
 ************************************************************************************************************************
 ********************                                                                                ********************
 ********************               FIRST ORDER CONDITIONAL ESTIMATION WITH INTERACTION              ********************
 ********************                          CORRELATION MATRIX OF ESTIMATE                        ********************
 ********************                                                                                ********************
 ************************************************************************************************************************
 

            TH 1      TH 2      TH 3      TH 4      TH 5      TH 6      TH 7      TH 8      TH 9      OM11      OM12      OM13  
             OM22      OM23      OM33      SG11  
 
 TH 1
+        2.31E-01
 
 TH 2
+        3.96E-01  7.35E+00
 
 TH 3
+       -3.25E-01 -8.97E-01  1.68E+00
 
 TH 4
+       -2.33E-01 -7.76E-02  2.44E-01  7.41E+00
 
 TH 5
+       -1.70E-01 -4.76E-01  5.72E-01  9.65E-02  3.57E-02
 
 TH 6
+        3.25E-01  4.01E-01 -4.12E-01  1.07E-01 -8.58E-01  1.02E+00
 
 TH 7
+       ......... ......... ......... ......... ......... ......... .........
 
 TH 8
+       ......... ......... ......... ......... ......... ......... ......... .........
 
 TH 9
+        7.55E-02  3.88E-01 -4.00E-01  1.87E-01 -5.21E-01  6.09E-01 ......... .........  5.44E-02
 
 OM11
+        5.26E-02  2.13E-01 -1.30E-01  2.14E-01 -5.18E-01  7.09E-01 ......... .........  4.22E-01  1.64E-02
 
 OM12
+        3.76E-01  6.26E-03  4.26E-02  1.84E-01 -2.44E-01  5.98E-01 ......... .........  2.19E-01  6.52E-01  2.47E-02
 
 OM13
+       -1.33E-01 -2.90E-01  2.76E-01 -6.77E-02 -3.25E-02  1.33E-01 ......... ......... -1.17E-01  2.36E-01  3.84E-01  2.38E-02
 
 OM22
+        2.56E-01  2.54E-01 -1.86E-01  8.09E-02 -4.97E-01  6.60E-01 ......... .........  4.96E-01  6.91E-01  5.42E-01  3.21E-01
          3.05E-02
 
 OM23
+       -2.44E-01 -6.87E-01  7.35E-01  8.68E-02  3.67E-01 -2.06E-01 ......... ......... -1.47E-01  5.99E-02  9.76E-02  5.59E-01
          1.79E-01  4.50E-02
 
 OM33
+        2.82E-01  7.22E-01 -7.52E-01 -1.92E-01 -2.12E-01  1.42E-01 ......... .........  1.49E-01  5.20E-02 -1.73E-02 -3.50E-01
         -8.73E-03 -4.65E-01  3.33E-01
 
 SG11
+       ......... ......... ......... ......... ......... ......... ......... ......... ......... ......... ......... .........
         ......... ......... ......... .........
 
1
 ************************************************************************************************************************
 ********************                                                                                ********************
 ********************               FIRST ORDER CONDITIONAL ESTIMATION WITH INTERACTION              ********************
 ********************                      INVERSE COVARIANCE MATRIX OF ESTIMATE                     ********************
 ********************                                                                                ********************
 ************************************************************************************************************************
 

            TH 1      TH 2      TH 3      TH 4      TH 5      TH 6      TH 7      TH 8      TH 9      OM11      OM12      OM13  
             OM22      OM23      OM33      SG11  
 
 TH 1
+        6.29E+01
 
 TH 2
+       -1.76E+00  2.00E-01
 
 TH 3
+        3.59E+00  1.74E-01  6.81E+00
 
 TH 4
+        6.18E-01 -2.82E-02 -8.46E-02  3.31E-02
 
 TH 5
+       -1.09E+02 -8.78E+00 -3.65E+01 -4.00E+00  8.43E+03
 
 TH 6
+       -7.82E+00 -1.52E-01 -1.03E-01 -1.87E-01  3.05E+02  1.52E+01
 
 TH 7
+       ......... ......... ......... ......... ......... ......... .........
 
 TH 8
+       ......... ......... ......... ......... ......... ......... ......... .........
 
 TH 9
+        1.00E+02 -2.90E+00  3.81E+01 -9.63E-02 -4.60E+02 -3.73E+01 ......... .........  1.01E+03
 
 OM11
+        5.41E+02 -2.13E+01 -1.86E+01  3.06E+00  8.87E+02 -7.86E+01 ......... .........  7.51E+02  1.61E+04
 
 OM12
+       -5.00E+02  2.85E+01 -1.10E+02 -3.28E+00 -4.76E+03 -1.93E+02 ......... ......... -9.01E+02 -6.82E+03  1.39E+04
 
 OM13
+        4.05E+02 -1.85E+01  1.31E+02  3.66E+00  1.10E+03  2.20E+01 ......... .........  1.57E+03  3.55E+03 -7.85E+03  9.17E+03
 
 OM22
+        1.38E+01 -1.03E+01  5.94E+01  4.83E-01  8.59E+02  1.87E+01 ......... .........  7.91E+01 -1.71E+03 -2.79E+03  1.82E+03
          4.49E+03
 
 OM23
+       -2.38E+02  1.72E+01 -1.32E+02 -6.86E-01 -1.33E+03 -3.46E+01 ......... ......... -1.15E+03 -2.18E+03  6.06E+03 -5.86E+03
         -2.91E+03  5.93E+03
 
 OM33
+        2.36E+01 -1.67E+00  1.52E+01  1.79E-01  1.14E+01  2.30E+00 ......... .........  1.16E+02  1.13E+02 -5.70E+02  5.48E+02
          2.65E+02 -4.79E+02  6.83E+01
 
 SG11
+       ......... ......... ......... ......... ......... ......... ......... ......... ......... ......... ......... .........
         ......... ......... ......... .........
 
 Elapsed finaloutput time in seconds:     0.13
 #CPUT: Total CPU Time in Seconds,       21.235
Stop Time:
Tue Mar 14 23:55:29 UTC 2023
